<?xml version="1.0" encoding="UTF-8"?>
<!-- Generated by org.testng.reporters.JUnitReportReporter -->
<testsuite hostname="DESKTOP-PA5GVIV" failures="0" tests="3" name="com.mytestngday22.AutomationScript4" time="0.023" errors="0" timestamp="2022-12-11T21:15:21 PST" skipped="0">
  <testcase classname="com.mytestngday22.AutomationScript4" name="JavaTestParallelMethod1" time="0.017"/>
  <system-out/>
  <testcase classname="com.mytestngday22.AutomationScript4" name="JavaTestParallelMethod1" time="0.002"/>
  <system-out/>
  <testcase classname="com.mytestngday22.AutomationScript4" name="JavaTestParallelMethod1" time="0.004"/>
  <system-out/>
</testsuite> <!-- com.mytestngday22.AutomationScript4 -->
