<?xml version="1.0" encoding="UTF-8"?>
<!-- Generated by org.testng.reporters.JUnitReportReporter -->
<testsuite hostname="DESKTOP-PA5GVIV" failures="0" tests="1" name="com.mytestngtests.TestNGTestOne" time="0.009" errors="0" timestamp="2022-12-09T01:22:01 PST" skipped="0">
  <testcase classname="com.mytestngtests.TestNGTestOne" name="testScript_4" time="0.009"/>
  <system-out/>
</testsuite> <!-- com.mytestngtests.TestNGTestOne -->
