<?xml version="1.0" encoding="UTF-8"?>
<!-- Generated by org.testng.reporters.JUnitReportReporter -->
<testsuite hostname="DESKTOP-PA5GVIV" failures="0" tests="4" name="com.mytestngtests.TestNGTestTwo" time="0.021" errors="0" timestamp="2022-12-09T00:41:23 PST" skipped="0">
  <testcase classname="com.mytestngtests.TestNGTestTwo" name="testScript_3" time="0.005"/>
  <system-out/>
  <testcase classname="com.mytestngtests.TestNGTestTwo" name="testScript_1" time="0.007"/>
  <system-out/>
  <testcase classname="com.mytestngtests.TestNGTestTwo" name="testScript_2" time="0.005"/>
  <system-out/>
  <testcase classname="com.mytestngtests.TestNGTestTwo" name="testScript_4" time="0.004"/>
  <system-out/>
</testsuite> <!-- com.mytestngtests.TestNGTestTwo -->
