<?xml version="1.0" encoding="UTF-8"?>
<!-- Generated by org.testng.reporters.JUnitReportReporter -->
<testsuite hostname="DESKTOP-PA5GVIV" failures="0" tests="1" name="com.mytestngtests.TestNgTestThree" time="0.008" errors="0" timestamp="2022-12-12T07:36:07 PST" skipped="0">
  <testcase classname="com.mytestngtests.TestNgTestThree" name="testScript_3" time="0.008"/>
  <system-out/>
</testsuite> <!-- com.mytestngtests.TestNgTestThree -->
