<?xml version="1.0" encoding="UTF-8"?>
<!-- Generated by org.testng.reporters.JUnitReportReporter -->
<testsuite hostname="DESKTOP-PA5GVIV" failures="0" tests="1" name="com.mytestngtests2.TestNGTestDay23" time="0.054" errors="0" timestamp="2022-12-16T00:02:15 PST" skipped="0">
  <testcase classname="com.mytestngtests2.TestNGTestDay23" name="testScript_2" time="0.054"/>
  <system-out/>
</testsuite> <!-- com.mytestngtests2.TestNGTestDay23 -->
