<?xml version="1.0" encoding="UTF-8"?>
<!-- Generated by org.testng.reporters.JUnitReportReporter -->
<testsuite hostname="DESKTOP-PA5GVIV" failures="0" tests="4" name="com.mytestngtests.TestNGTestFour" time="0.040" errors="0" timestamp="2022-12-09T23:53:00 PST" skipped="0">
  <testcase classname="com.mytestngtests.TestNGTestFour" name="testScript_4" time="0.007"/>
  <system-out/>
  <testcase classname="com.mytestngtests.TestNGTestFour" name="testScript_2" time="0.009"/>
  <system-out/>
  <testcase classname="com.mytestngtests.TestNGTestFour" name="testScript_3" time="0.006"/>
  <system-out/>
  <testcase classname="com.mytestngtests.TestNGTestFour" name="testScript_1" time="0.018"/>
  <system-out/>
</testsuite> <!-- com.mytestngtests.TestNGTestFour -->
