<?xml version="1.0" encoding="UTF-8"?>
<!-- Generated by org.testng.reporters.JUnitReportReporter -->
<testsuite hostname="DESKTOP-PA5GVIV" failures="0" tests="1" name="com.mytestngtests2.TestNGDay22" time="0.003" errors="0" timestamp="2022-12-10T11:01:53 PST" skipped="0">
  <testcase classname="com.mytestngtests2.TestNGDay22" name="testScript_23" time="0.003"/>
  <system-out/>
</testsuite> <!-- com.mytestngtests2.TestNGDay22 -->
