<?xml version="1.0" encoding="UTF-8"?>
<!-- Generated by org.testng.reporters.JUnitReportReporter -->
<testsuite hostname="DESKTOP-HUI6R7L" failures="0" tests="1" name="testngpractice.test" time="0.001" errors="0" timestamp="2023-10-10T10:08:23 PDT" skipped="0">
  <testcase classname="testngpractice.test" name="test1" time="0.001"/>
  <system-out/>
</testsuite> <!-- testngpractice.test -->
