<?xml version="1.0" encoding="UTF-8"?>
<!-- Generated by org.testng.reporters.JUnitReportReporter -->
<testsuite hostname="DESKTOP-HUI6R7L" failures="0" tests="1" name="testngpractice.testngpractice2" time="0.009" errors="0" timestamp="2023-10-10T10:08:23 PDT" skipped="0">
  <testcase classname="testngpractice.testngpractice2" name="test2" time="0.009"/>
  <system-out/>
</testsuite> <!-- testngpractice.testngpractice2 -->
