<?xml version="1.0" encoding="UTF-8"?>
<!-- Generated by org.testng.reporters.JUnitReportReporter -->
<testsuite hostname="DESKTOP-HUI6R7L" failures="0" tests="1" name="xeroautomationfw.xero_test_cases" time="45.982" errors="0" timestamp="2024-01-17T16:58:00 PST" skipped="0">
  <testcase classname="xeroautomationfw.xero_test_cases" name="tc3" time="45.982"/>
  <system-out/>
</testsuite> <!-- xeroautomationfw.xero_test_cases -->
