<?xml version="1.0" encoding="UTF-8"?>
<!-- Generated by org.testng.reporters.JUnitReportReporter -->
<testsuite hostname="DESKTOP-PA5GVIV" failures="0" tests="1" name="tests.LoginTest" time="25.579" errors="0" timestamp="2023-01-09T08:14:40 PST" skipped="0">
  <testcase classname="tests.LoginTest" name="TC12" time="25.579"/>
  <system-out/>
</testsuite> <!-- tests.LoginTest -->
